{"C:\\Users\\Mugisha\\Desktop\\Futureproof\\LAP 2\\Learning\\lap2-mini-brief-mugisha-and-angus\\src\\App.js": {"path":"C:\\Users\\Mugisha\\Desktop\\Futureproof\\LAP 2\\Learning\\lap2-mini-brief-mugisha-and-angus\\src\\App.js","statementMap":{"0":{"start":{"line":10,"column":4},"end":{"line":31,"column":6}}},"fnMap":{"0":{"name":"(anonymous_0)","decl":{"start":{"line":9,"column":2},"end":{"line":9,"column":3}},"loc":{"start":{"line":9,"column":11},"end":{"line":32,"column":3}},"line":9}},"branchMap":{},"s":{"0":1},"f":{"0":1},"b":{},"_coverageSchema":"1a1c01bbd47fc00a2c39e90264f33305004495a9","hash":"7478f484798d7aa9fcbaf0ce4040297fe1cdfbca"}
,"C:\\Users\\Mugisha\\Desktop\\Futureproof\\LAP 2\\Learning\\lap2-mini-brief-mugisha-and-angus\\src\\Components\\Counter.js": {"path":"C:\\Users\\Mugisha\\Desktop\\Futureproof\\LAP 2\\Learning\\lap2-mini-brief-mugisha-and-angus\\src\\Components\\Counter.js","statementMap":{"0":{"start":{"line":4,"column":10},"end":{"line":6,"column":3}},"1":{"start":{"line":8,"column":16},"end":{"line":11,"column":3}},"2":{"start":{"line":9,"column":4},"end":{"line":9,"column":28}},"3":{"start":{"line":10,"column":4},"end":{"line":10,"column":73}},"4":{"start":{"line":10,"column":34},"end":{"line":10,"column":70}},"5":{"start":{"line":13,"column":4},"end":{"line":19,"column":6}},"6":{"start":{"line":16,"column":31},"end":{"line":16,"column":57}},"7":{"start":{"line":17,"column":31},"end":{"line":17,"column":58}}},"fnMap":{"0":{"name":"(anonymous_0)","decl":{"start":{"line":8,"column":16},"end":{"line":8,"column":17}},"loc":{"start":{"line":8,"column":33},"end":{"line":11,"column":3}},"line":8},"1":{"name":"(anonymous_1)","decl":{"start":{"line":10,"column":18},"end":{"line":10,"column":19}},"loc":{"start":{"line":10,"column":34},"end":{"line":10,"column":70}},"line":10},"2":{"name":"(anonymous_2)","decl":{"start":{"line":12,"column":2},"end":{"line":12,"column":3}},"loc":{"start":{"line":12,"column":11},"end":{"line":20,"column":3}},"line":12},"3":{"name":"(anonymous_3)","decl":{"start":{"line":16,"column":25},"end":{"line":16,"column":26}},"loc":{"start":{"line":16,"column":31},"end":{"line":16,"column":57}},"line":16},"4":{"name":"(anonymous_4)","decl":{"start":{"line":17,"column":25},"end":{"line":17,"column":26}},"loc":{"start":{"line":17,"column":31},"end":{"line":17,"column":58}},"line":17}},"branchMap":{},"s":{"0":0,"1":0,"2":0,"3":0,"4":0,"5":0,"6":0,"7":0},"f":{"0":0,"1":0,"2":0,"3":0,"4":0},"b":{},"_coverageSchema":"1a1c01bbd47fc00a2c39e90264f33305004495a9","hash":"65d53e90ef465ae7ca951ee94208e16827cf7625"}
,"C:\\Users\\Mugisha\\Desktop\\Futureproof\\LAP 2\\Learning\\lap2-mini-brief-mugisha-and-angus\\src\\Container\\CounterContainer.js": {"path":"C:\\Users\\Mugisha\\Desktop\\Futureproof\\LAP 2\\Learning\\lap2-mini-brief-mugisha-and-angus\\src\\Container\\CounterContainer.js","statementMap":{"0":{"start":{"line":6,"column":4},"end":{"line":11,"column":6}}},"fnMap":{"0":{"name":"(anonymous_0)","decl":{"start":{"line":5,"column":2},"end":{"line":5,"column":3}},"loc":{"start":{"line":5,"column":11},"end":{"line":12,"column":3}},"line":5}},"branchMap":{},"s":{"0":0},"f":{"0":0},"b":{},"_coverageSchema":"1a1c01bbd47fc00a2c39e90264f33305004495a9","hash":"20f2091a01976295da2e409741ca673edbbeca1d"}
,"C:\\Users\\Mugisha\\Desktop\\Futureproof\\LAP 2\\Learning\\lap2-mini-brief-mugisha-and-angus\\src\\Container\\Error404.js": {"path":"C:\\Users\\Mugisha\\Desktop\\Futureproof\\LAP 2\\Learning\\lap2-mini-brief-mugisha-and-angus\\src\\Container\\Error404.js","statementMap":{"0":{"start":{"line":5,"column":4},"end":{"line":12,"column":6}}},"fnMap":{"0":{"name":"(anonymous_0)","decl":{"start":{"line":4,"column":2},"end":{"line":4,"column":3}},"loc":{"start":{"line":4,"column":11},"end":{"line":13,"column":3}},"line":4}},"branchMap":{},"s":{"0":0},"f":{"0":0},"b":{},"_coverageSchema":"1a1c01bbd47fc00a2c39e90264f33305004495a9","hash":"3a208d38ad9ea0a619f22aa0c4aef7fbae03f9e9"}
,"C:\\Users\\Mugisha\\Desktop\\Futureproof\\LAP 2\\Learning\\lap2-mini-brief-mugisha-and-angus\\src\\Container\\ThingsContainer.js": {"path":"C:\\Users\\Mugisha\\Desktop\\Futureproof\\LAP 2\\Learning\\lap2-mini-brief-mugisha-and-angus\\src\\Container\\ThingsContainer.js","statementMap":{"0":{"start":{"line":5,"column":4},"end":{"line":9,"column":6}}},"fnMap":{"0":{"name":"(anonymous_0)","decl":{"start":{"line":4,"column":2},"end":{"line":4,"column":3}},"loc":{"start":{"line":4,"column":11},"end":{"line":10,"column":3}},"line":4}},"branchMap":{},"s":{"0":0},"f":{"0":0},"b":{},"_coverageSchema":"1a1c01bbd47fc00a2c39e90264f33305004495a9","hash":"7d71a1dadd8c399836d55e191ed333431f01858d"}
,"C:\\Users\\Mugisha\\Desktop\\Futureproof\\LAP 2\\Learning\\lap2-mini-brief-mugisha-and-angus\\src\\Container\\Welcome.js": {"path":"C:\\Users\\Mugisha\\Desktop\\Futureproof\\LAP 2\\Learning\\lap2-mini-brief-mugisha-and-angus\\src\\Container\\Welcome.js","statementMap":{"0":{"start":{"line":5,"column":4},"end":{"line":10,"column":6}}},"fnMap":{"0":{"name":"(anonymous_0)","decl":{"start":{"line":4,"column":2},"end":{"line":4,"column":3}},"loc":{"start":{"line":4,"column":11},"end":{"line":11,"column":3}},"line":4}},"branchMap":{},"s":{"0":0},"f":{"0":0},"b":{},"_coverageSchema":"1a1c01bbd47fc00a2c39e90264f33305004495a9","hash":"ee57a39c722a6a761336ec4e5ee0756ab46f0c82"}
}
